07-01-2021 09:40:38 [INFO] Loading script and executing, scripts\system.lua
07-01-2021 09:44:46 [INFO] Loading script and executing, scripts\system.lua
07-01-2021 09:44:46 [INFO] SUCCESS
07-01-2021 09:44:48 [INFO] Loading script and executing, scripts\entity1.lua
07-01-2021 09:44:53 [INFO] SUCCESS
07-01-2021 09:44:53 [DEBUG] Skipped system file, 'scripts\system.lua'
07-01-2021 09:45:20 [INFO] Loading script and executing, scripts\system.lua
07-01-2021 09:45:20 [INFO] SUCCESS
07-01-2021 09:45:20 [INFO] Loading script and executing, scripts\entity1.lua
07-01-2021 09:45:20 [INFO] SUCCESS
07-01-2021 09:45:20 [DEBUG] Skipped system file, 'scripts\system.lua'
07-01-2021 09:47:24 [INFO] Loading script and executing, scripts\system.lua
07-01-2021 09:47:24 [INFO] SUCCESS
07-01-2021 09:47:24 [INFO] Loading script and executing, scripts\entity1.lua
07-01-2021 09:47:24 [INFO] logging from LUA!
07-01-2021 09:47:24 [INFO] SUCCESS
07-01-2021 09:47:24 [DEBUG] Skipped system file, 'scripts\system.lua'
07-01-2021 14:39:24 [INFO] Loading script and executing, scripts\system.lua
07-01-2021 14:39:24 [INFO] SUCCESS
07-01-2021 14:39:24 [INFO] Loading script and executing, scripts\entity1.lua
07-01-2021 14:39:24 [INFO] <LUA> pew pew pew!
07-01-2021 14:39:24 [INFO] SUCCESS
07-01-2021 14:39:24 [DEBUG] Skipped system file, 'scripts\system.lua'
07-01-2021 14:41:13 [DEBUG] Deleting services...
07-01-2021 14:41:13 [DEBUG] DONE
07-01-2021 14:41:13 [INFO] Loading script and executing, scripts\system.lua
07-01-2021 14:41:13 [INFO] SUCCESS
07-01-2021 14:41:13 [INFO] Loading script and executing, scripts\entity1.lua
07-01-2021 14:41:14 [INFO] <LUA> hello from LUA
07-01-2021 14:41:14 [INFO] SUCCESS
07-01-2021 14:41:14 [DEBUG] Skipped system file, 'scripts\system.lua'
07-01-2021 14:42:31 [DEBUG] Deleting services...
07-01-2021 14:42:31 [DEBUG] DONE
07-01-2021 14:42:41 [INFO] Loading script and executing, scripts\system.lua
07-01-2021 14:42:41 [INFO] SUCCESS
07-01-2021 14:42:41 [INFO] Loading script and executing, scripts\entity1.lua
07-01-2021 14:42:41 [INFO] <LUA> hello from LUA
07-01-2021 14:42:41 [INFO] SUCCESS
07-01-2021 14:42:41 [DEBUG] Skipped system file, 'scripts\system.lua'
07-01-2021 14:43:59 [INFO] Loading script and executing, scripts\system.lua
07-01-2021 14:43:59 [INFO] SUCCESS
07-01-2021 14:43:59 [INFO] Loading script and executing, scripts\entity1.lua
07-01-2021 14:43:59 [INFO] <LUA> hello from LUA
07-01-2021 14:43:59 [INFO] SUCCESS
07-01-2021 14:43:59 [DEBUG] Skipped system file, 'scripts\system.lua'
07-01-2021 14:44:18 [DEBUG] Deleting services...
07-01-2021 14:44:18 [DEBUG] DONE
07-01-2021 21:42:28 [INFO] Loading script and executing, scripts\system.lua
07-01-2021 21:42:28 [INFO] SUCCESS
07-01-2021 21:42:28 [INFO] Loading script and executing, scripts\definitions.lua
07-01-2021 21:42:28 [INFO] SUCCESS
07-01-2021 21:42:28 [INFO] Loading script and executing, scripts\entity1.lua
07-01-2021 21:42:28 [INFO] SUCCESS
07-01-2021 21:42:28 [DEBUG] Skipped system file, 'scripts\system.lua'
07-01-2021 21:46:57 [INFO] Loading script and executing, scripts\system.lua
07-01-2021 21:46:57 [INFO] SUCCESS
07-01-2021 21:46:57 [INFO] Loading script and executing, scripts\definitions.lua
07-01-2021 21:46:57 [INFO] SUCCESS
07-01-2021 21:46:57 [INFO] Loading script and executing, scripts\entity1.lua
07-01-2021 21:46:57 [INFO] SUCCESS
07-01-2021 21:46:57 [DEBUG] Skipped system file, 'scripts\system.lua'
07-01-2021 21:48:02 [INFO] Loading script and executing, scripts\system.lua
07-01-2021 21:48:02 [INFO] SUCCESS
07-01-2021 21:48:02 [INFO] Loading script and executing, scripts\definitions.lua
07-01-2021 21:48:02 [INFO] SUCCESS
07-01-2021 21:48:02 [INFO] Loading script and executing, scripts\entity1.lua
07-01-2021 21:48:02 [INFO] SUCCESS
07-01-2021 21:48:02 [DEBUG] Skipped system file, 'scripts\system.lua'
07-01-2021 21:48:45 [INFO] Loading script and executing, scripts\system.lua
07-01-2021 21:48:46 [INFO] SUCCESS
07-01-2021 21:48:46 [INFO] Loading script and executing, scripts\definitions.lua
07-01-2021 21:48:46 [INFO] SUCCESS
07-01-2021 21:48:46 [INFO] Loading script and executing, scripts\entity1.lua
07-01-2021 21:48:46 [INFO] SUCCESS
07-01-2021 21:48:46 [DEBUG] Skipped system file, 'scripts\system.lua'
07-01-2021 22:12:02 [INFO] Loading script and executing, scripts\system.lua
07-01-2021 22:12:02 [INFO] SUCCESS
07-01-2021 22:12:02 [INFO] Loading script and executing, scripts\definitions.lua
07-01-2021 22:12:02 [INFO] SUCCESS
07-01-2021 22:12:02 [INFO] Loading script and executing, scripts\entity1.lua
07-01-2021 22:12:02 [INFO] SUCCESS
07-01-2021 22:12:02 [DEBUG] Skipped system file, 'scripts\system.lua'
07-01-2021 22:12:55 [INFO] Loading script and executing, scripts\system.lua
07-01-2021 22:12:55 [INFO] SUCCESS
07-01-2021 22:12:55 [INFO] Loading script and executing, scripts\definitions.lua
07-01-2021 22:12:55 [INFO] SUCCESS
07-01-2021 22:12:55 [INFO] Loading script and executing, scripts\entity1.lua
07-01-2021 22:12:55 [INFO] SUCCESS
07-01-2021 22:12:55 [DEBUG] Skipped system file, 'scripts\system.lua'
07-01-2021 22:13:30 [INFO] Loading script and executing, scripts\system.lua
07-01-2021 22:13:30 [INFO] SUCCESS
07-01-2021 22:13:30 [INFO] Loading script and executing, scripts\definitions.lua
07-01-2021 22:13:30 [INFO] SUCCESS
07-01-2021 22:13:30 [INFO] Loading script and executing, scripts\entity1.lua
07-01-2021 22:13:30 [INFO] SUCCESS
07-01-2021 22:13:30 [DEBUG] Skipped system file, 'scripts\system.lua'
07-01-2021 22:13:49 [INFO] Loading script and executing, scripts\system.lua
07-01-2021 22:13:49 [INFO] SUCCESS
07-01-2021 22:13:49 [INFO] Loading script and executing, scripts\definitions.lua
07-01-2021 22:13:49 [INFO] SUCCESS
07-01-2021 22:13:49 [INFO] Loading script and executing, scripts\entity1.lua
07-01-2021 22:13:49 [INFO] SUCCESS
07-01-2021 22:13:49 [DEBUG] Skipped system file, 'scripts\system.lua'
07-01-2021 22:14:07 [INFO] Loading script and executing, scripts\system.lua
07-01-2021 22:14:07 [INFO] SUCCESS
07-01-2021 22:14:07 [INFO] Loading script and executing, scripts\definitions.lua
07-01-2021 22:14:08 [INFO] SUCCESS
07-01-2021 22:14:08 [INFO] Loading script and executing, scripts\entity1.lua
07-01-2021 22:14:08 [INFO] SUCCESS
07-01-2021 22:14:08 [DEBUG] Skipped system file, 'scripts\system.lua'
07-01-2021 22:14:44 [INFO] Loading script and executing, scripts\system.lua
07-01-2021 22:14:44 [INFO] SUCCESS
07-01-2021 22:14:44 [INFO] Loading script and executing, scripts\definitions.lua
07-01-2021 22:14:44 [INFO] SUCCESS
07-01-2021 22:14:44 [INFO] Loading script and executing, scripts\entity1.lua
07-01-2021 22:14:44 [INFO] SUCCESS
07-01-2021 22:14:44 [DEBUG] Skipped system file, 'scripts\system.lua'
07-01-2021 22:16:03 [INFO] Loading script and executing, scripts\system.lua
07-01-2021 22:16:03 [INFO] SUCCESS
07-01-2021 22:16:07 [INFO] Loading script and executing, scripts\definitions.lua
07-01-2021 22:16:10 [INFO] SUCCESS
07-01-2021 22:16:12 [INFO] Loading script and executing, scripts\entity1.lua
07-01-2021 22:16:12 [INFO] SUCCESS
07-01-2021 22:16:18 [DEBUG] Skipped system file, 'scripts\system.lua'
07-01-2021 22:17:31 [INFO] Loading script and executing, scripts\system.lua
07-01-2021 22:17:31 [INFO] SUCCESS
07-01-2021 22:17:31 [INFO] Loading script and executing, scripts\definitions.lua
07-01-2021 22:17:31 [INFO] SUCCESS
07-01-2021 22:17:31 [INFO] Loading script and executing, scripts\entity1.lua
07-01-2021 22:17:31 [INFO] SUCCESS
07-01-2021 22:17:31 [DEBUG] Skipped system file, 'scripts\system.lua'
07-01-2021 22:17:59 [INFO] Loading script and executing, scripts\system.lua
07-01-2021 22:18:00 [INFO] SUCCESS
07-01-2021 22:18:00 [INFO] Loading script and executing, scripts\definitions.lua
07-01-2021 22:18:00 [INFO] SUCCESS
07-01-2021 22:18:00 [INFO] Loading script and executing, scripts\entity1.lua
07-01-2021 22:18:00 [INFO] SUCCESS
07-01-2021 22:18:00 [DEBUG] Skipped system file, 'scripts\system.lua'
07-01-2021 22:18:32 [INFO] Loading script and executing, scripts\system.lua
07-01-2021 22:18:32 [INFO] SUCCESS
07-01-2021 22:18:32 [INFO] Loading script and executing, scripts\definitions.lua
07-01-2021 22:18:32 [INFO] SUCCESS
07-01-2021 22:18:32 [INFO] Loading script and executing, scripts\entity1.lua
07-01-2021 22:18:32 [INFO] SUCCESS
07-01-2021 22:18:32 [DEBUG] Skipped system file, 'scripts\system.lua'
07-01-2021 22:19:04 [INFO] Loading script and executing, scripts\system.lua
07-01-2021 22:19:04 [INFO] SUCCESS
07-01-2021 22:19:04 [INFO] Loading script and executing, scripts\definitions.lua
07-01-2021 22:19:04 [INFO] SUCCESS
07-01-2021 22:19:04 [INFO] Loading script and executing, scripts\entity1.lua
07-01-2021 22:19:04 [INFO] SUCCESS
07-01-2021 22:19:04 [DEBUG] Skipped system file, 'scripts\system.lua'
07-01-2021 22:20:37 [INFO] Loading script and executing, scripts\system.lua
07-01-2021 22:20:37 [INFO] SUCCESS
07-01-2021 22:20:37 [INFO] Loading script and executing, scripts\definitions.lua
07-01-2021 22:20:37 [INFO] SUCCESS
07-01-2021 22:20:37 [INFO] Loading script and executing, scripts\entity1.lua
07-01-2021 22:20:37 [INFO] SUCCESS
07-01-2021 22:20:37 [DEBUG] Skipped system file, 'scripts\system.lua'
07-01-2021 22:21:16 [INFO] Loading script and executing, scripts\system.lua
07-01-2021 22:21:16 [INFO] SUCCESS
07-01-2021 22:21:16 [INFO] Loading script and executing, scripts\definitions.lua
07-01-2021 22:21:16 [INFO] SUCCESS
07-01-2021 22:21:16 [INFO] Loading script and executing, scripts\entity1.lua
07-01-2021 22:21:16 [INFO] SUCCESS
07-01-2021 22:21:16 [DEBUG] Skipped system file, 'scripts\system.lua'
07-01-2021 22:22:13 [INFO] Loading script and executing, scripts\system.lua
07-01-2021 22:22:13 [INFO] SUCCESS
07-01-2021 22:22:13 [INFO] Loading script and executing, scripts\definitions.lua
07-01-2021 22:22:13 [INFO] SUCCESS
07-01-2021 22:22:13 [INFO] Loading script and executing, scripts\entity1.lua
07-01-2021 22:22:13 [INFO] SUCCESS
07-01-2021 22:22:13 [DEBUG] Skipped system file, 'scripts\system.lua'
07-01-2021 22:22:32 [INFO] Loading script and executing, scripts\system.lua
07-01-2021 22:22:32 [INFO] SUCCESS
07-01-2021 22:22:32 [INFO] Loading script and executing, scripts\definitions.lua
07-01-2021 22:22:32 [INFO] SUCCESS
07-01-2021 22:22:32 [INFO] Loading script and executing, scripts\entity1.lua
07-01-2021 22:22:32 [INFO] SUCCESS
07-01-2021 22:22:32 [DEBUG] Skipped system file, 'scripts\system.lua'
07-01-2021 22:23:12 [DEBUG] Deleting services...
07-01-2021 22:23:12 [DEBUG] DONE
07-01-2021 22:23:12 [INFO] Loading script and executing, scripts\system.lua
07-01-2021 22:23:12 [INFO] SUCCESS
07-01-2021 22:23:12 [INFO] Loading script and executing, scripts\definitions.lua
07-01-2021 22:23:12 [INFO] SUCCESS
07-01-2021 22:23:12 [INFO] Loading script and executing, scripts\entity1.lua
07-01-2021 22:23:12 [INFO] SUCCESS
07-01-2021 22:23:12 [DEBUG] Skipped system file, 'scripts\system.lua'
07-01-2021 22:23:31 [DEBUG] Deleting services...
07-01-2021 22:23:31 [DEBUG] DONE
07-01-2021 22:23:31 [INFO] Loading script and executing, scripts\system.lua
07-01-2021 22:23:31 [INFO] SUCCESS
07-01-2021 22:23:31 [INFO] Loading script and executing, scripts\definitions.lua
07-01-2021 22:23:31 [INFO] SUCCESS
07-01-2021 22:23:31 [INFO] Loading script and executing, scripts\entity1.lua
07-01-2021 22:23:31 [INFO] SUCCESS
07-01-2021 22:23:31 [DEBUG] Skipped system file, 'scripts\system.lua'
07-01-2021 22:24:08 [INFO] Loading script and executing, scripts\system.lua
07-01-2021 22:24:08 [INFO] SUCCESS
07-01-2021 22:24:08 [INFO] Loading script and executing, scripts\entity1.lua
07-01-2021 22:24:08 [DEBUG] luaSpawnEntity called 1
07-01-2021 22:24:08 [DEBUG] luaSpawnEntity called 2
07-01-2021 22:24:08 [INFO] SUCCESS
07-01-2021 22:24:08 [DEBUG] Skipped system file, 'scripts\system.lua'
